#
# A fatal error has been detected by the Java Runtime Environment:
#
#  Internal Error (javaClasses.cpp:126), pid=7208, tid=6168
#  fatal error: Invalid layout of preloaded class
#
# JRE version:  (8.0_31-b13) (build )
# Java VM: Java HotSpot(TM) 64-Bit Server VM (25.31-b07 mixed mode windows-amd64 compressed oops)
# Failed to write core dump. Minidumps are not enabled by default on client versions of Windows
#
# If you would like to submit a bug report, please visit:
#   http://bugreport.java.com/bugreport/crash.jsp
#

---------------  T H R E A D  ---------------

Current thread (0x0000000002a20800):  JavaThread "Unknown thread" [_thread_in_vm, id=6168, stack(0x00000000025f0000,0x00000000026f0000)]

Stack: [0x00000000025f0000,0x00000000026f0000]
Native frames: (J=compiled Java code, j=interpreted, Vv=VM code, C=native code)
V  [jvm.dll+0x3169ba]
V  [jvm.dll+0x2674c3]
V  [jvm.dll+0x268103]
V  [jvm.dll+0x25f876]
V  [jvm.dll+0x5e443]
V  [jvm.dll+0x5e533]
V  [jvm.dll+0x72e9a]
V  [jvm.dll+0x73208]
V  [jvm.dll+0xe4997]
V  [jvm.dll+0xe4d26]
V  [jvm.dll+0x1fa057]
V  [jvm.dll+0x22b694]
V  [jvm.dll+0x14d8c1]
C  [javaw.exe+0x20c6]
C  [javaw.exe+0xc9eb]
C  [javaw.exe+0xca7f]
C  [KERNEL32.DLL+0x167e]
C  [ntdll.dll+0x23501]


---------------  P R O C E S S  ---------------

Java Threads: ( => current thread )

Other Threads:

=>0x0000000002a20800 (exited) JavaThread "Unknown thread" [_thread_in_vm, id=6168, stack(0x00000000025f0000,0x00000000026f0000)]

VM state:not at safepoint (not fully initialized)

VM Mutex/Monitor currently owned by a thread: None

GC Heap History (0 events):
No events

Deoptimization events (0 events):
No events

Internal exceptions (0 events):
No events

Events (10 events):
Event: 0.011 loading class java/lang/CharSequence done
Event: 0.011 loading class java/lang/String done
Event: 0.011 loading class java/lang/Class
Event: 0.011 loading class java/lang/reflect/AnnotatedElement
Event: 0.011 loading class java/lang/reflect/AnnotatedElement done
Event: 0.011 loading class java/lang/reflect/GenericDeclaration
Event: 0.011 loading class java/lang/reflect/GenericDeclaration done
Event: 0.011 loading class java/lang/reflect/Type
Event: 0.011 loading class java/lang/reflect/Type done
Event: 0.011 loading class java/lang/Class done


Dynamic libraries:
0x000007f707ae0000 - 0x000007f707b14000 	C:\Program Files\Java\jre1.8.0_31\bin\javaw.exe
0x000007ffe3c30000 - 0x000007ffe3dee000 	C:\windows\SYSTEM32\ntdll.dll
0x000007ffe2b20000 - 0x000007ffe2c56000 	C:\windows\system32\KERNEL32.DLL
0x000007ffe0e60000 - 0x000007ffe0f53000 	C:\windows\system32\KERNELBASE.dll
0x000007ffe3010000 - 0x000007ffe30ee000 	C:\windows\system32\ADVAPI32.dll
0x000007ffe1620000 - 0x000007ffe176c000 	C:\windows\system32\USER32.dll
0x000007ffde180000 - 0x000007ffde3e9000 	C:\windows\WinSxS\amd64_microsoft.windows.common-controls_6595b64144ccf1df_6.0.9200.16384_none_418c2a697189c07f\COMCTL32.dll
0x000007ffe2de0000 - 0x000007ffe2e85000 	C:\windows\system32\msvcrt.dll
0x000007ffe10a0000 - 0x000007ffe10e8000 	C:\windows\SYSTEM32\sechost.dll
0x000007ffe1430000 - 0x000007ffe1570000 	C:\windows\system32\RPCRT4.dll
0x000007ffe3820000 - 0x000007ffe3960000 	C:\windows\system32\GDI32.dll
0x000007ffe2a70000 - 0x000007ffe2aa9000 	C:\windows\system32\IMM32.DLL
0x000007ffe2e90000 - 0x000007ffe2fa4000 	C:\windows\system32\MSCTF.dll
0x0000000051bf0000 - 0x0000000051cc2000 	C:\Program Files\Java\jre1.8.0_31\bin\msvcr100.dll
0x0000000051e60000 - 0x00000000526ba000 	C:\Program Files\Java\jre1.8.0_31\bin\server\jvm.dll
0x000007ffdadc0000 - 0x000007ffdadc9000 	C:\windows\SYSTEM32\WSOCK32.dll
0x000007ffd4d90000 - 0x000007ffd4db0000 	C:\windows\SYSTEM32\WINMM.dll
0x000007ffe12c0000 - 0x000007ffe12c7000 	C:\windows\system32\PSAPI.DLL
0x000007ffe2fb0000 - 0x000007ffe3008000 	C:\windows\system32\WS2_32.dll
0x000007ffd4d50000 - 0x000007ffd4d82000 	C:\windows\SYSTEM32\WINMMBASE.dll
0x000007ffe3190000 - 0x000007ffe3199000 	C:\windows\system32\NSI.dll
0x0000000053420000 - 0x000000005342f000 	C:\Program Files\Java\jre1.8.0_31\bin\verify.dll
0x0000000053220000 - 0x0000000053248000 	C:\Program Files\Java\jre1.8.0_31\bin\java.dll
0x0000000051d60000 - 0x0000000051d76000 	C:\Program Files\Java\jre1.8.0_31\bin\zip.dll
0x000007ffc4c30000 - 0x000007ffc4d93000 	C:\windows\SYSTEM32\dbghelp.dll

VM Arguments:
jvm_args: -Dfile.encoding=Cp1256 -Xbootclasspath:C:\куб\Android for lab\Android\android-sdk\platforms\android-21\android.jar 
java_command: com.example.tabular_method.Main
java_class_path (initial): C:\New folder (4)\Tabular_Method\bin\classes;C:\New folder (4)\Tabular_Method\libs\android-support-v4.jar;C:\New folder (4)\appcompat_v7\libs\android-support-v7-appcompat.jar;C:\New folder (4)\appcompat_v7\bin\appcompat_v7.jar
Launcher Type: SUN_STANDARD

Environment Variables:
PATH=C:/Program Files/Java/jre1.8.0_31/bin/server;C:/Program Files/Java/jre1.8.0_31/bin;C:/Program Files/Java/jre1.8.0_31/lib/amd64;C:\ProgramData\Oracle\Java\javapath;C:\Program Files (x86)\Intel\iCLS Client\;C:\Program Files\Intel\iCLS Client\;C:\windows\system32;C:\windows;C:\windows\System32\Wbem;C:\windows\System32\WindowsPowerShell\v1.0\;C:\Program Files (x86)\Windows Live\Shared;C:\Program Files\Intel\Intel(R) Management Engine Components\DAL;C:\Program Files\Intel\Intel(R) Management Engine Components\IPT;C:\Program Files (x86)\Intel\Intel(R) Management Engine Components\DAL;C:\Program Files (x86)\Intel\Intel(R) Management Engine Components\IPT;C:\Program Files (x86)\Intel\OpenCL SDK\2.0\bin\x86;C:\Program Files (x86)\Intel\OpenCL SDK\2.0\bin\x64;C:\Program Files\MiKTeX 2.9\miktex\bin\x64\;C:\New folder (4)\java project\src;
USERNAME=omar
OS=Windows_NT
PROCESSOR_IDENTIFIER=Intel64 Family 6 Model 58 Stepping 9, GenuineIntel



---------------  S Y S T E M  ---------------

OS: Windows 8 , 64 bit Build 9200 

CPU:total 8 (4 cores per cpu, 2 threads per core) family 6 model 58 stepping 9, cmov, cx8, fxsr, mmx, sse, sse2, sse3, ssse3, sse4.1, sse4.2, popcnt, avx, aes, clmul, erms, ht, tsc, tscinvbit, tscinv

Memory: 4k page, physical 8270044k(4637352k free), swap 16658652k(11633680k free)

vm_info: Java HotSpot(TM) 64-Bit Server VM (25.31-b07) for windows-amd64 JRE (1.8.0_31-b13), built on Dec 17 2014 21:00:28 by "java_re" with MS VC++ 10.0 (VS2010)

time: Thu May 28 13:11:24 2015
elapsed time: 0 seconds (0d 0h 0m 0s)

